2015/08/18 20:49:14 INFO  - jmeter.util.JMeterUtils: Setting Locale to en_US 
2015/08/18 20:49:14 INFO  - jmeter.JMeter: Loading user properties from: /usr/local/Cellar/jmeter/2.13/libexec/bin/user.properties 
2015/08/18 20:49:14 INFO  - jmeter.JMeter: Loading system properties from: /usr/local/Cellar/jmeter/2.13/libexec/bin/system.properties 
2015/08/18 20:49:14 INFO  - jmeter.JMeter: Copyright (c) 1998-2015 The Apache Software Foundation 
2015/08/18 20:49:14 INFO  - jmeter.JMeter: Version 2.13 r1665067 
2015/08/18 20:49:14 INFO  - jmeter.JMeter: java.version=1.7.0_75 
2015/08/18 20:49:14 INFO  - jmeter.JMeter: java.vm.name=Java HotSpot(TM) 64-Bit Server VM 
2015/08/18 20:49:14 INFO  - jmeter.JMeter: os.name=Mac OS X 
2015/08/18 20:49:14 INFO  - jmeter.JMeter: os.arch=x86_64 
2015/08/18 20:49:14 INFO  - jmeter.JMeter: os.version=10.10.4 
2015/08/18 20:49:14 INFO  - jmeter.JMeter: file.encoding=UTF-8 
2015/08/18 20:49:14 INFO  - jmeter.JMeter: Default Locale=English (United States) 
2015/08/18 20:49:14 INFO  - jmeter.JMeter: JMeter  Locale=English (United States) 
2015/08/18 20:49:14 INFO  - jmeter.JMeter: JMeterHome=/usr/local/Cellar/jmeter/2.13/libexec 
2015/08/18 20:49:14 INFO  - jmeter.JMeter: user.dir  =/Users/jogara/COMP40550/config2/normal_load 
2015/08/18 20:49:14 INFO  - jmeter.JMeter: PWD       =/Users/jogara/COMP40550/config2/normal_load 
2015/08/18 20:49:14 INFO  - jmeter.JMeter: IP: 192.168.59.3 Name: Johns-MacBook-Pro.local FullName: 192.168.59.3 
2015/08/18 20:49:15 INFO  - jmeter.gui.action.LookAndFeelCommand: Using look and feel: com.apple.laf.AquaLookAndFeel [Mac OS X, System] 
2015/08/18 20:49:15 INFO  - jmeter.JMeter: Loaded icon properties from org/apache/jmeter/images/icon.properties 
2015/08/18 20:49:17 INFO  - jmeter.engine.util.CompoundVariable: Note: Function class names must contain the string: '.functions.' 
2015/08/18 20:49:17 INFO  - jmeter.engine.util.CompoundVariable: Note: Function class names must not contain the string: '.gui.' 
2015/08/18 20:49:19 INFO  - jmeter.util.BSFTestElement: Registering JMeter version of JavaScript engine as work-round for BSF-22 
2015/08/18 20:49:19 INFO  - jmeter.protocol.http.sampler.HTTPSamplerBase: Cannot find .className property for htmlParser, using default 
2015/08/18 20:49:19 INFO  - jmeter.protocol.http.sampler.HTTPSamplerBase: Parser for text/html is  
2015/08/18 20:49:19 INFO  - jmeter.protocol.http.sampler.HTTPSamplerBase: Parser for application/xhtml+xml is  
2015/08/18 20:49:19 INFO  - jmeter.protocol.http.sampler.HTTPSamplerBase: Parser for application/xml is  
2015/08/18 20:49:19 INFO  - jmeter.protocol.http.sampler.HTTPSamplerBase: Parser for text/xml is  
2015/08/18 20:49:19 INFO  - jmeter.protocol.http.sampler.HTTPSamplerBase: Parser for text/vnd.wap.wml is org.apache.jmeter.protocol.http.parser.RegexpHTMLParser 
2015/08/18 20:49:19 INFO  - jmeter.gui.util.MenuFactory: Skipping org.apache.jmeter.protocol.http.control.gui.WebServiceSamplerGui 
2015/08/18 20:49:19 INFO  - jmeter.gui.util.MenuFactory: Skipping org.apache.jmeter.protocol.http.modifier.gui.ParamModifierGui 
2015/08/18 20:49:20 INFO  - jorphan.exec.KeyToolUtils: keytool found at 'keytool' 
2015/08/18 20:49:20 INFO  - jmeter.protocol.http.proxy.ProxyControl: HTTP(S) Test Script Recorder SSL Proxy will use keys that support embedded 3rd party resources in file /usr/local/Cellar/jmeter/2.13/libexec/bin/proxyserver.jks 
2015/08/18 20:49:20 INFO  - jmeter.samplers.SampleResult: Note: Sample TimeStamps are START times 
2015/08/18 20:49:20 INFO  - jmeter.samplers.SampleResult: sampleresult.default.encoding is set to ISO-8859-1 
2015/08/18 20:49:20 INFO  - jmeter.samplers.SampleResult: sampleresult.useNanoTime=true 
2015/08/18 20:49:20 INFO  - jmeter.samplers.SampleResult: sampleresult.nanoThreadSleep=5000 
2015/08/18 20:49:40 INFO  - jmeter.services.FileServer: Default base='/Users/jogara/COMP40550/config2/normal_load' 
2015/08/18 20:49:40 INFO  - jmeter.gui.action.Load: Loading file: /Users/jogara/COMP40550/test_plans/normal_load/config_2_normal_load_netowrk_update.jmx 
2015/08/18 20:49:40 INFO  - jmeter.services.FileServer: Set new base='/Users/jogara/COMP40550/test_plans/normal_load' 
2015/08/18 20:49:40 INFO  - jmeter.save.SaveService: Testplan (JMX) version: 2.2. Testlog (JTL) version: 2.2 
2015/08/18 20:49:40 INFO  - jmeter.save.SaveService: Using SaveService properties file encoding UTF-8 
2015/08/18 20:49:40 INFO  - jmeter.save.SaveService: Using SaveService properties file version 1656252 
2015/08/18 20:49:40 INFO  - jmeter.save.SaveService: Using SaveService properties version 2.8 
2015/08/18 20:49:40 INFO  - jmeter.save.SaveService: All converter versions present and correct 
2015/08/18 20:49:40 INFO  - jmeter.save.SaveService: Loading file: /Users/jogara/COMP40550/test_plans/normal_load/config_2_normal_load_netowrk_update.jmx 
2015/08/18 20:49:41 INFO  - jmeter.threads.JMeterThread: jmeterthread.startearlier=true (see jmeter.properties) 
2015/08/18 20:49:41 INFO  - jmeter.threads.JMeterThread: Running PostProcessors in forward order 
2015/08/18 20:49:41 INFO  - jmeter.services.FileServer: Set new base='/Users/jogara/COMP40550/test_plans/normal_load' 
2015/08/18 20:50:15 INFO  - kg.apc.charting.GraphPanelChart: Saving PNG to /Users/jogara/COMP40550/config2/normal_load/network-usage-snd-rcv.png 
